0 info it worked if it ends with ok
1 verbose cli [ '/home/codio/.nvm/v0.10.25/bin/node',
1 verbose cli   '/home/codio/.nvm/v0.10.25/bin/npm',
1 verbose cli   'install',
1 verbose cli   'bower.json' ]
2 info using npm@1.3.24
3 info using node@v0.10.25
4 verbose readDependencies using package.json deps
5 verbose cache add [ 'bower.json', null ]
6 verbose cache add name=undefined spec="bower.json" args=["bower.json",null]
7 verbose parsed url { protocol: null,
7 verbose parsed url   slashes: null,
7 verbose parsed url   auth: null,
7 verbose parsed url   host: null,
7 verbose parsed url   port: null,
7 verbose parsed url   hostname: null,
7 verbose parsed url   hash: null,
7 verbose parsed url   search: null,
7 verbose parsed url   query: null,
7 verbose parsed url   pathname: 'bower.json',
7 verbose parsed url   path: 'bower.json',
7 verbose parsed url   href: 'bower.json' }
8 silly lockFile a1471113-bower-json bower.json
9 verbose lock bower.json /home/codio/.npm/a1471113-bower-json.lock
10 verbose chmod /home/codio/tmp/npm-610-6K-u3TUD/1436518914130-0.019549628254026175/tmp.tgz 644
11 verbose tar unpack /home/codio/tmp/npm-610-6K-u3TUD/1436518914130-0.019549628254026175/tmp.tgz
12 silly lockFile b0157ce1-130-0-019549628254026175-package tar:///home/codio/tmp/npm-610-6K-u3TUD/1436518914130-0.019549628254026175/package
13 verbose lock tar:///home/codio/tmp/npm-610-6K-u3TUD/1436518914130-0.019549628254026175/package /home/codio/.npm/b0157ce1-130-0-019549628254026175-package.lock
14 silly lockFile 19bf7737-130-0-019549628254026175-tmp-tgz tar:///home/codio/tmp/npm-610-6K-u3TUD/1436518914130-0.019549628254026175/tmp.tgz
15 verbose lock tar:///home/codio/tmp/npm-610-6K-u3TUD/1436518914130-0.019549628254026175/tmp.tgz /home/codio/.npm/19bf7737-130-0-019549628254026175-tmp-tgz.lock
16 silly gunzTarPerm modes [ '755', '644' ]
17 error not a package /home/codio/tmp/npm-610-6K-u3TUD/1436518914130-0.019549628254026175/tmp.tgz
18 silly lockFile b0157ce1-130-0-019549628254026175-package tar:///home/codio/tmp/npm-610-6K-u3TUD/1436518914130-0.019549628254026175/package
19 silly lockFile b0157ce1-130-0-019549628254026175-package tar:///home/codio/tmp/npm-610-6K-u3TUD/1436518914130-0.019549628254026175/package
20 silly lockFile 19bf7737-130-0-019549628254026175-tmp-tgz tar:///home/codio/tmp/npm-610-6K-u3TUD/1436518914130-0.019549628254026175/tmp.tgz
21 silly lockFile 19bf7737-130-0-019549628254026175-tmp-tgz tar:///home/codio/tmp/npm-610-6K-u3TUD/1436518914130-0.019549628254026175/tmp.tgz
22 silly lockFile a1471113-bower-json bower.json
23 silly lockFile a1471113-bower-json bower.json
24 verbose addNamed [ 'bower.json', '' ]
25 verbose addNamed [ null, '*' ]
26 silly lockFile 7da079a2-bower-json bower.json@
27 verbose lock bower.json@ /home/codio/.npm/7da079a2-bower-json.lock
28 silly addNameRange { name: 'bower.json', range: '*', hasData: false }
29 verbose url raw bower.json
30 verbose url resolving [ 'https://registry.npmjs.org/', './bower.json' ]
31 verbose url resolved https://registry.npmjs.org/bower.json
32 info trying registry request attempt 1 at 09:01:54
33 http GET https://registry.npmjs.org/bower.json
34 http 404 https://registry.npmjs.org/bower.json
35 silly registry.get cb [ 404,
35 silly registry.get   { server: 'CouchDB/1.5.0 (Erlang OTP/R16B03)',
35 silly registry.get     'content-type': 'application/json',
35 silly registry.get     'cache-control': 'max-age=0',
35 silly registry.get     'content-length': '51',
35 silly registry.get     'accept-ranges': 'bytes',
35 silly registry.get     date: 'Fri, 10 Jul 2015 09:01:54 GMT',
35 silly registry.get     via: '1.1 varnish',
35 silly registry.get     age: '0',
35 silly registry.get     connection: 'keep-alive',
35 silly registry.get     'x-served-by': 'cache-jfk1025-JFK',
35 silly registry.get     'x-cache': 'MISS',
35 silly registry.get     'x-cache-hits': '0',
35 silly registry.get     'x-timer': 'S1436518914.230455,VS0,VE341' } ]
36 silly lockFile 7da079a2-bower-json bower.json@
37 silly lockFile 7da079a2-bower-json bower.json@
38 error 404 'bower.json' is not in the npm registry.
38 error 404 You should bug the author to publish it
38 error 404 It was specified as a dependency of 'angular-seed'
38 error 404
38 error 404 Note that you can also install from a
38 error 404 tarball, folder, or http url, or git url.
39 error System Linux 3.16.0-34-generic
40 error command "/home/codio/.nvm/v0.10.25/bin/node" "/home/codio/.nvm/v0.10.25/bin/npm" "install" "bower.json"
41 error cwd /home/codio/workspace
42 error node -v v0.10.25
43 error npm -v 1.3.24
44 error code E404
45 verbose exit [ 1, true ]
